{"C:\\Users\\joshi\\OneDrive\\Desktop\\sportxassessment\\backend\\controllers\\campaignController.js": {"path":"C:\\Users\\joshi\\OneDrive\\Desktop\\sportxassessment\\backend\\controllers\\campaignController.js","statementMap":{"0":{"start":{"line":1,"column":22},"end":{"line":1,"column":56}},"1":{"start":{"line":2,"column":45},"end":{"line":2,"column":75}},"2":{"start":{"line":7,"column":4},"end":{"line":20,"column":5}},"3":{"start":{"line":8,"column":24},"end":{"line":8,"column":46}},"4":{"start":{"line":9,"column":6},"end":{"line":13,"column":9}},"5":{"start":{"line":15,"column":6},"end":{"line":19,"column":9}},"6":{"start":{"line":25,"column":4},"end":{"line":46,"column":5}},"7":{"start":{"line":26,"column":23},"end":{"line":26,"column":59}},"8":{"start":{"line":28,"column":6},"end":{"line":34,"column":7}},"9":{"start":{"line":29,"column":8},"end":{"line":33,"column":11}},"10":{"start":{"line":36,"column":6},"end":{"line":39,"column":9}},"11":{"start":{"line":41,"column":6},"end":{"line":45,"column":9}},"12":{"start":{"line":51,"column":4},"end":{"line":83,"column":5}},"13":{"start":{"line":52,"column":31},"end":{"line":52,"column":57}},"14":{"start":{"line":54,"column":6},"end":{"line":60,"column":7}},"15":{"start":{"line":55,"column":8},"end":{"line":59,"column":11}},"16":{"start":{"line":62,"column":26},"end":{"line":70,"column":8}},"17":{"start":{"line":72,"column":6},"end":{"line":76,"column":9}},"18":{"start":{"line":78,"column":6},"end":{"line":82,"column":9}},"19":{"start":{"line":88,"column":4},"end":{"line":120,"column":5}},"20":{"start":{"line":89,"column":25},"end":{"line":89,"column":33}},"21":{"start":{"line":91,"column":6},"end":{"line":97,"column":7}},"22":{"start":{"line":92,"column":8},"end":{"line":96,"column":11}},"23":{"start":{"line":99,"column":30},"end":{"line":99,"column":79}},"24":{"start":{"line":101,"column":6},"end":{"line":107,"column":7}},"25":{"start":{"line":102,"column":8},"end":{"line":106,"column":11}},"26":{"start":{"line":109,"column":6},"end":{"line":113,"column":9}},"27":{"start":{"line":115,"column":6},"end":{"line":119,"column":9}},"28":{"start":{"line":125,"column":4},"end":{"line":147,"column":5}},"29":{"start":{"line":126,"column":30},"end":{"line":126,"column":65}},"30":{"start":{"line":128,"column":6},"end":{"line":134,"column":7}},"31":{"start":{"line":129,"column":8},"end":{"line":133,"column":11}},"32":{"start":{"line":136,"column":6},"end":{"line":140,"column":9}},"33":{"start":{"line":142,"column":6},"end":{"line":146,"column":9}},"34":{"start":{"line":151,"column":0},"end":{"line":151,"column":42}}},"fnMap":{"0":{"name":"(anonymous_0)","decl":{"start":{"line":6,"column":2},"end":{"line":6,"column":3}},"loc":{"start":{"line":6,"column":34},"end":{"line":21,"column":3}},"line":6},"1":{"name":"(anonymous_1)","decl":{"start":{"line":24,"column":2},"end":{"line":24,"column":3}},"loc":{"start":{"line":24,"column":34},"end":{"line":47,"column":3}},"line":24},"2":{"name":"(anonymous_2)","decl":{"start":{"line":50,"column":2},"end":{"line":50,"column":3}},"loc":{"start":{"line":50,"column":33},"end":{"line":84,"column":3}},"line":50},"3":{"name":"(anonymous_3)","decl":{"start":{"line":87,"column":2},"end":{"line":87,"column":3}},"loc":{"start":{"line":87,"column":39},"end":{"line":121,"column":3}},"line":87},"4":{"name":"(anonymous_4)","decl":{"start":{"line":124,"column":2},"end":{"line":124,"column":3}},"loc":{"start":{"line":124,"column":33},"end":{"line":148,"column":3}},"line":124}},"branchMap":{"0":{"loc":{"start":{"line":28,"column":6},"end":{"line":34,"column":7}},"type":"if","locations":[{"start":{"line":28,"column":6},"end":{"line":34,"column":7}},{"start":{},"end":{}}],"line":28},"1":{"loc":{"start":{"line":54,"column":6},"end":{"line":60,"column":7}},"type":"if","locations":[{"start":{"line":54,"column":6},"end":{"line":60,"column":7}},{"start":{},"end":{}}],"line":54},"2":{"loc":{"start":{"line":91,"column":6},"end":{"line":97,"column":7}},"type":"if","locations":[{"start":{"line":91,"column":6},"end":{"line":97,"column":7}},{"start":{},"end":{}}],"line":91},"3":{"loc":{"start":{"line":101,"column":6},"end":{"line":107,"column":7}},"type":"if","locations":[{"start":{"line":101,"column":6},"end":{"line":107,"column":7}},{"start":{},"end":{}}],"line":101},"4":{"loc":{"start":{"line":128,"column":6},"end":{"line":134,"column":7}},"type":"if","locations":[{"start":{"line":128,"column":6},"end":{"line":134,"column":7}},{"start":{},"end":{}}],"line":128}},"s":{"0":0,"1":0,"2":0,"3":0,"4":0,"5":0,"6":0,"7":0,"8":0,"9":0,"10":0,"11":0,"12":0,"13":0,"14":0,"15":0,"16":0,"17":0,"18":0,"19":0,"20":0,"21":0,"22":0,"23":0,"24":0,"25":0,"26":0,"27":0,"28":0,"29":0,"30":0,"31":0,"32":0,"33":0,"34":0},"f":{"0":0,"1":0,"2":0,"3":0,"4":0},"b":{"0":[0,0],"1":[0,0],"2":[0,0],"3":[0,0],"4":[0,0]}}
,"C:\\Users\\joshi\\OneDrive\\Desktop\\sportxassessment\\backend\\models\\campaignModel.js": {"path":"C:\\Users\\joshi\\OneDrive\\Desktop\\sportxassessment\\backend\\models\\campaignModel.js","statementMap":{"0":{"start":{"line":2,"column":16},"end":{"line":63,"column":1}},"1":{"start":{"line":65,"column":22},"end":{"line":99,"column":1}},"2":{"start":{"line":66,"column":16},"end":{"line":66,"column":25}},"3":{"start":{"line":68,"column":19},"end":{"line":68,"column":51}},"4":{"start":{"line":68,"column":39},"end":{"line":68,"column":50}},"5":{"start":{"line":71,"column":24},"end":{"line":74,"column":5}},"6":{"start":{"line":75,"column":4},"end":{"line":75,"column":32}},"7":{"start":{"line":76,"column":4},"end":{"line":76,"column":23}},"8":{"start":{"line":80,"column":26},"end":{"line":80,"column":63}},"9":{"start":{"line":80,"column":51},"end":{"line":80,"column":62}},"10":{"start":{"line":81,"column":4},"end":{"line":83,"column":5}},"11":{"start":{"line":82,"column":6},"end":{"line":82,"column":18}},"12":{"start":{"line":84,"column":4},"end":{"line":84,"column":45}},"13":{"start":{"line":85,"column":4},"end":{"line":85,"column":36}},"14":{"start":{"line":89,"column":26},"end":{"line":89,"column":63}},"15":{"start":{"line":89,"column":51},"end":{"line":89,"column":62}},"16":{"start":{"line":90,"column":4},"end":{"line":92,"column":5}},"17":{"start":{"line":91,"column":6},"end":{"line":91,"column":18}},"18":{"start":{"line":93,"column":28},"end":{"line":93,"column":52}},"19":{"start":{"line":94,"column":4},"end":{"line":94,"column":39}},"20":{"start":{"line":95,"column":4},"end":{"line":95,"column":27}},"21":{"start":{"line":98,"column":18},"end":{"line":98,"column":50}},"22":{"start":{"line":98,"column":38},"end":{"line":98,"column":49}},"23":{"start":{"line":101,"column":0},"end":{"line":101,"column":31}}},"fnMap":{"0":{"name":"(anonymous_0)","decl":{"start":{"line":66,"column":10},"end":{"line":66,"column":11}},"loc":{"start":{"line":66,"column":16},"end":{"line":66,"column":25}},"line":66},"1":{"name":"(anonymous_1)","decl":{"start":{"line":68,"column":11},"end":{"line":68,"column":12}},"loc":{"start":{"line":68,"column":19},"end":{"line":68,"column":51}},"line":68},"2":{"name":"(anonymous_2)","decl":{"start":{"line":68,"column":34},"end":{"line":68,"column":35}},"loc":{"start":{"line":68,"column":39},"end":{"line":68,"column":50}},"line":68},"3":{"name":"(anonymous_3)","decl":{"start":{"line":70,"column":10},"end":{"line":70,"column":11}},"loc":{"start":{"line":70,"column":28},"end":{"line":77,"column":3}},"line":70},"4":{"name":"(anonymous_4)","decl":{"start":{"line":79,"column":16},"end":{"line":79,"column":17}},"loc":{"start":{"line":79,"column":32},"end":{"line":86,"column":3}},"line":79},"5":{"name":"(anonymous_5)","decl":{"start":{"line":80,"column":46},"end":{"line":80,"column":47}},"loc":{"start":{"line":80,"column":51},"end":{"line":80,"column":62}},"line":80},"6":{"name":"(anonymous_6)","decl":{"start":{"line":88,"column":10},"end":{"line":88,"column":11}},"loc":{"start":{"line":88,"column":18},"end":{"line":96,"column":3}},"line":88},"7":{"name":"(anonymous_7)","decl":{"start":{"line":89,"column":46},"end":{"line":89,"column":47}},"loc":{"start":{"line":89,"column":51},"end":{"line":89,"column":62}},"line":89},"8":{"name":"(anonymous_8)","decl":{"start":{"line":98,"column":10},"end":{"line":98,"column":11}},"loc":{"start":{"line":98,"column":18},"end":{"line":98,"column":50}},"line":98},"9":{"name":"(anonymous_9)","decl":{"start":{"line":98,"column":33},"end":{"line":98,"column":34}},"loc":{"start":{"line":98,"column":38},"end":{"line":98,"column":49}},"line":98}},"branchMap":{"0":{"loc":{"start":{"line":81,"column":4},"end":{"line":83,"column":5}},"type":"if","locations":[{"start":{"line":81,"column":4},"end":{"line":83,"column":5}},{"start":{},"end":{}}],"line":81},"1":{"loc":{"start":{"line":90,"column":4},"end":{"line":92,"column":5}},"type":"if","locations":[{"start":{"line":90,"column":4},"end":{"line":92,"column":5}},{"start":{},"end":{}}],"line":90}},"s":{"0":1,"1":1,"2":7,"3":4,"4":16,"5":4,"6":4,"7":4,"8":2,"9":9,"10":2,"11":1,"12":1,"13":1,"14":3,"15":26,"16":3,"17":1,"18":2,"19":2,"20":2,"21":2,"22":9,"23":1},"f":{"0":7,"1":4,"2":16,"3":4,"4":2,"5":9,"6":3,"7":26,"8":2,"9":9},"b":{"0":[1,1],"1":[1,2]},"_coverageSchema":"1a1c01bbd47fc00a2c39e90264f33305004495a9","hash":"8dad159a202f9f12edf5b141a14e610554dd43e3"}
,"C:\\Users\\joshi\\OneDrive\\Desktop\\sportxassessment\\backend\\utils\\asyncHandler.js": {"path":"C:\\Users\\joshi\\OneDrive\\Desktop\\sportxassessment\\backend\\utils\\asyncHandler.js","statementMap":{"0":{"start":{"line":2,"column":21},"end":{"line":4,"column":1}},"1":{"start":{"line":2,"column":29},"end":{"line":4,"column":1}},"2":{"start":{"line":3,"column":2},"end":{"line":3,"column":50}},"3":{"start":{"line":6,"column":0},"end":{"line":6,"column":30}}},"fnMap":{"0":{"name":"(anonymous_0)","decl":{"start":{"line":2,"column":21},"end":{"line":2,"column":22}},"loc":{"start":{"line":2,"column":29},"end":{"line":4,"column":1}},"line":2},"1":{"name":"(anonymous_1)","decl":{"start":{"line":2,"column":29},"end":{"line":2,"column":30}},"loc":{"start":{"line":2,"column":49},"end":{"line":4,"column":1}},"line":2}},"branchMap":{},"s":{"0":0,"1":0,"2":0,"3":0},"f":{"0":0,"1":0},"b":{}}
,"C:\\Users\\joshi\\OneDrive\\Desktop\\sportxassessment\\backend\\utils\\validation.js": {"path":"C:\\Users\\joshi\\OneDrive\\Desktop\\sportxassessment\\backend\\utils\\validation.js","statementMap":{"0":{"start":{"line":1,"column":25},"end":{"line":37,"column":1}},"1":{"start":{"line":2,"column":17},"end":{"line":2,"column":19}},"2":{"start":{"line":4,"column":2},"end":{"line":6,"column":3}},"3":{"start":{"line":5,"column":4},"end":{"line":5,"column":76}},"4":{"start":{"line":8,"column":2},"end":{"line":10,"column":3}},"5":{"start":{"line":9,"column":4},"end":{"line":9,"column":73}},"6":{"start":{"line":12,"column":2},"end":{"line":14,"column":3}},"7":{"start":{"line":13,"column":4},"end":{"line":13,"column":64}},"8":{"start":{"line":16,"column":2},"end":{"line":18,"column":3}},"9":{"start":{"line":17,"column":4},"end":{"line":17,"column":61}},"10":{"start":{"line":20,"column":2},"end":{"line":22,"column":3}},"11":{"start":{"line":21,"column":4},"end":{"line":21,"column":58}},"12":{"start":{"line":24,"column":2},"end":{"line":26,"column":3}},"13":{"start":{"line":25,"column":4},"end":{"line":25,"column":58}},"14":{"start":{"line":28,"column":2},"end":{"line":30,"column":3}},"15":{"start":{"line":29,"column":4},"end":{"line":29,"column":62}},"16":{"start":{"line":32,"column":2},"end":{"line":34,"column":3}},"17":{"start":{"line":33,"column":4},"end":{"line":33,"column":59}},"18":{"start":{"line":36,"column":2},"end":{"line":36,"column":16}},"19":{"start":{"line":39,"column":23},"end":{"line":44,"column":1}},"20":{"start":{"line":40,"column":2},"end":{"line":42,"column":3}},"21":{"start":{"line":41,"column":4},"end":{"line":41,"column":17}},"22":{"start":{"line":43,"column":2},"end":{"line":43,"column":14}},"23":{"start":{"line":46,"column":0},"end":{"line":49,"column":2}}},"fnMap":{"0":{"name":"(anonymous_0)","decl":{"start":{"line":1,"column":25},"end":{"line":1,"column":26}},"loc":{"start":{"line":1,"column":35},"end":{"line":37,"column":1}},"line":1},"1":{"name":"(anonymous_1)","decl":{"start":{"line":39,"column":23},"end":{"line":39,"column":24}},"loc":{"start":{"line":39,"column":35},"end":{"line":44,"column":1}},"line":39}},"branchMap":{"0":{"loc":{"start":{"line":4,"column":2},"end":{"line":6,"column":3}},"type":"if","locations":[{"start":{"line":4,"column":2},"end":{"line":6,"column":3}},{"start":{},"end":{}}],"line":4},"1":{"loc":{"start":{"line":4,"column":6},"end":{"line":4,"column":82}},"type":"binary-expr","locations":[{"start":{"line":4,"column":6},"end":{"line":4,"column":16}},{"start":{"line":4,"column":20},"end":{"line":4,"column":49}},{"start":{"line":4,"column":53},"end":{"line":4,"column":82}}],"line":4},"2":{"loc":{"start":{"line":8,"column":2},"end":{"line":10,"column":3}},"type":"if","locations":[{"start":{"line":8,"column":2},"end":{"line":10,"column":3}},{"start":{},"end":{}}],"line":8},"3":{"loc":{"start":{"line":8,"column":6},"end":{"line":8,"column":100}},"type":"binary-expr","locations":[{"start":{"line":8,"column":6},"end":{"line":8,"column":22}},{"start":{"line":8,"column":26},"end":{"line":8,"column":61}},{"start":{"line":8,"column":65},"end":{"line":8,"column":100}}],"line":8},"4":{"loc":{"start":{"line":12,"column":2},"end":{"line":14,"column":3}},"type":"if","locations":[{"start":{"line":12,"column":2},"end":{"line":14,"column":3}},{"start":{},"end":{}}],"line":12},"5":{"loc":{"start":{"line":12,"column":6},"end":{"line":12,"column":74}},"type":"binary-expr","locations":[{"start":{"line":12,"column":6},"end":{"line":12,"column":18}},{"start":{"line":12,"column":22},"end":{"line":12,"column":74}}],"line":12},"6":{"loc":{"start":{"line":16,"column":2},"end":{"line":18,"column":3}},"type":"if","locations":[{"start":{"line":16,"column":2},"end":{"line":18,"column":3}},{"start":{},"end":{}}],"line":16},"7":{"loc":{"start":{"line":16,"column":6},"end":{"line":16,"column":66}},"type":"binary-expr","locations":[{"start":{"line":16,"column":6},"end":{"line":16,"column":42}},{"start":{"line":16,"column":46},"end":{"line":16,"column":66}}],"line":16},"8":{"loc":{"start":{"line":20,"column":2},"end":{"line":22,"column":3}},"type":"if","locations":[{"start":{"line":20,"column":2},"end":{"line":22,"column":3}},{"start":{},"end":{}}],"line":20},"9":{"loc":{"start":{"line":20,"column":6},"end":{"line":20,"column":68}},"type":"binary-expr","locations":[{"start":{"line":20,"column":6},"end":{"line":20,"column":34}},{"start":{"line":20,"column":38},"end":{"line":20,"column":50}},{"start":{"line":20,"column":54},"end":{"line":20,"column":68}}],"line":20},"10":{"loc":{"start":{"line":24,"column":2},"end":{"line":26,"column":3}},"type":"if","locations":[{"start":{"line":24,"column":2},"end":{"line":26,"column":3}},{"start":{},"end":{}}],"line":24},"11":{"loc":{"start":{"line":24,"column":6},"end":{"line":24,"column":69}},"type":"binary-expr","locations":[{"start":{"line":24,"column":6},"end":{"line":24,"column":43}},{"start":{"line":24,"column":47},"end":{"line":24,"column":69}}],"line":24},"12":{"loc":{"start":{"line":28,"column":2},"end":{"line":30,"column":3}},"type":"if","locations":[{"start":{"line":28,"column":2},"end":{"line":30,"column":3}},{"start":{},"end":{}}],"line":28},"13":{"loc":{"start":{"line":28,"column":6},"end":{"line":28,"column":68}},"type":"binary-expr","locations":[{"start":{"line":28,"column":6},"end":{"line":28,"column":43}},{"start":{"line":28,"column":47},"end":{"line":28,"column":68}}],"line":28},"14":{"loc":{"start":{"line":32,"column":2},"end":{"line":34,"column":3}},"type":"if","locations":[{"start":{"line":32,"column":2},"end":{"line":34,"column":3}},{"start":{},"end":{}}],"line":32},"15":{"loc":{"start":{"line":40,"column":2},"end":{"line":42,"column":3}},"type":"if","locations":[{"start":{"line":40,"column":2},"end":{"line":42,"column":3}},{"start":{},"end":{}}],"line":40},"16":{"loc":{"start":{"line":40,"column":6},"end":{"line":40,"column":64}},"type":"binary-expr","locations":[{"start":{"line":40,"column":6},"end":{"line":40,"column":13}},{"start":{"line":40,"column":17},"end":{"line":40,"column":64}}],"line":40}},"s":{"0":0,"1":0,"2":0,"3":0,"4":0,"5":0,"6":0,"7":0,"8":0,"9":0,"10":0,"11":0,"12":0,"13":0,"14":0,"15":0,"16":0,"17":0,"18":0,"19":0,"20":0,"21":0,"22":0,"23":0},"f":{"0":0,"1":0},"b":{"0":[0,0],"1":[0,0,0],"2":[0,0],"3":[0,0,0],"4":[0,0],"5":[0,0],"6":[0,0],"7":[0,0],"8":[0,0],"9":[0,0,0],"10":[0,0],"11":[0,0],"12":[0,0],"13":[0,0],"14":[0,0],"15":[0,0],"16":[0,0]}}
}
