TN:
SF:controllers\campaignController.js
FN:6,(anonymous_0)
FN:24,(anonymous_1)
FN:50,(anonymous_2)
FN:87,(anonymous_3)
FN:124,(anonymous_4)
FNF:5
FNH:0
FNDA:0,(anonymous_0)
FNDA:0,(anonymous_1)
FNDA:0,(anonymous_2)
FNDA:0,(anonymous_3)
FNDA:0,(anonymous_4)
DA:1,0
DA:2,0
DA:7,0
DA:8,0
DA:9,0
DA:15,0
DA:25,0
DA:26,0
DA:28,0
DA:29,0
DA:36,0
DA:41,0
DA:51,0
DA:52,0
DA:54,0
DA:55,0
DA:62,0
DA:72,0
DA:78,0
DA:88,0
DA:89,0
DA:91,0
DA:92,0
DA:99,0
DA:101,0
DA:102,0
DA:109,0
DA:115,0
DA:125,0
DA:126,0
DA:128,0
DA:129,0
DA:136,0
DA:142,0
DA:151,0
LF:35
LH:0
BRDA:28,0,0,0
BRDA:28,0,1,0
BRDA:54,1,0,0
BRDA:54,1,1,0
BRDA:91,2,0,0
BRDA:91,2,1,0
BRDA:101,3,0,0
BRDA:101,3,1,0
BRDA:128,4,0,0
BRDA:128,4,1,0
BRF:10
BRH:0
end_of_record
TN:
SF:models\campaignModel.js
FN:66,(anonymous_0)
FN:68,(anonymous_1)
FN:68,(anonymous_2)
FN:70,(anonymous_3)
FN:79,(anonymous_4)
FN:80,(anonymous_5)
FN:88,(anonymous_6)
FN:89,(anonymous_7)
FN:98,(anonymous_8)
FN:98,(anonymous_9)
FNF:10
FNH:10
FNDA:7,(anonymous_0)
FNDA:4,(anonymous_1)
FNDA:16,(anonymous_2)
FNDA:4,(anonymous_3)
FNDA:2,(anonymous_4)
FNDA:9,(anonymous_5)
FNDA:3,(anonymous_6)
FNDA:26,(anonymous_7)
FNDA:2,(anonymous_8)
FNDA:9,(anonymous_9)
DA:2,1
DA:65,1
DA:66,7
DA:68,16
DA:71,4
DA:75,4
DA:76,4
DA:80,9
DA:81,2
DA:82,1
DA:84,1
DA:85,1
DA:89,26
DA:90,3
DA:91,1
DA:93,2
DA:94,2
DA:95,2
DA:98,9
DA:101,1
LF:20
LH:20
BRDA:81,0,0,1
BRDA:81,0,1,1
BRDA:90,1,0,1
BRDA:90,1,1,2
BRF:4
BRH:4
end_of_record
TN:
SF:utils\asyncHandler.js
FN:2,(anonymous_0)
FN:2,(anonymous_1)
FNF:2
FNH:0
FNDA:0,(anonymous_0)
FNDA:0,(anonymous_1)
DA:2,0
DA:3,0
DA:6,0
LF:3
LH:0
BRF:0
BRH:0
end_of_record
TN:
SF:utils\validation.js
FN:1,(anonymous_0)
FN:39,(anonymous_1)
FNF:2
FNH:0
FNDA:0,(anonymous_0)
FNDA:0,(anonymous_1)
DA:1,0
DA:2,0
DA:4,0
DA:5,0
DA:8,0
DA:9,0
DA:12,0
DA:13,0
DA:16,0
DA:17,0
DA:20,0
DA:21,0
DA:24,0
DA:25,0
DA:28,0
DA:29,0
DA:32,0
DA:33,0
DA:36,0
DA:39,0
DA:40,0
DA:41,0
DA:43,0
DA:46,0
LF:24
LH:0
BRDA:4,0,0,0
BRDA:4,0,1,0
BRDA:4,1,0,0
BRDA:4,1,1,0
BRDA:4,1,2,0
BRDA:8,2,0,0
BRDA:8,2,1,0
BRDA:8,3,0,0
BRDA:8,3,1,0
BRDA:8,3,2,0
BRDA:12,4,0,0
BRDA:12,4,1,0
BRDA:12,5,0,0
BRDA:12,5,1,0
BRDA:16,6,0,0
BRDA:16,6,1,0
BRDA:16,7,0,0
BRDA:16,7,1,0
BRDA:20,8,0,0
BRDA:20,8,1,0
BRDA:20,9,0,0
BRDA:20,9,1,0
BRDA:20,9,2,0
BRDA:24,10,0,0
BRDA:24,10,1,0
BRDA:24,11,0,0
BRDA:24,11,1,0
BRDA:28,12,0,0
BRDA:28,12,1,0
BRDA:28,13,0,0
BRDA:28,13,1,0
BRDA:32,14,0,0
BRDA:32,14,1,0
BRDA:40,15,0,0
BRDA:40,15,1,0
BRDA:40,16,0,0
BRDA:40,16,1,0
BRF:37
BRH:0
end_of_record
